[    0.000000] Initializing cgroup subsys cpuset
[    0.000000] Initializing cgroup subsys cpu
[    0.000000] Initializing cgroup subsys cpuacct
[    0.000000] Linux version 4.4.0-206-generic (buildd@lgw01-amd64-039) (gcc version 5.4.0 20160609 (Ubuntu 5.4.0-6ubuntu1~16.04.12) ) #238-Ubuntu SMP Tue Mar 16 07:52:37 UTC 2021 (Ubuntu 4.4.0-206.238-generic 4.4.254)
[    0.000000] Command line: BOOT_IMAGE=/boot/vmlinuz-4.4.0-206-generic root=LABEL=cloudimg-rootfs ro console=tty1 console=ttyS0
[    0.000000] KERNEL supported cpus:
[    0.000000]   Intel GenuineIntel
[    0.000000]   AMD AuthenticAMD
[    0.000000]   Centaur CentaurHauls
[    0.000000] [Firmware Bug]: TSC doesn't count with P0 frequency!
[    0.000000] x86/fpu: xstate_offset[2]:  576, xstate_sizes[2]:  256
[    0.000000] x86/fpu: Supporting XSAVE feature 0x01: 'x87 floating point registers'
[    0.000000] x86/fpu: Supporting XSAVE feature 0x02: 'SSE registers'
[    0.000000] x86/fpu: Supporting XSAVE feature 0x04: 'AVX registers'
[    0.000000] x86/fpu: Enabled xstate features 0x7, context size is 832 bytes, using 'standard' format.
[    0.000000] e820: BIOS-provided physical RAM map:
[    0.000000] BIOS-e820: [mem 0x0000000000000000-0x000000000009fbff] usable
[    0.000000] BIOS-e820: [mem 0x000000000009fc00-0x000000000009ffff] reserved
[    0.000000] BIOS-e820: [mem 0x00000000000f0000-0x00000000000fffff] reserved
[    0.000000] BIOS-e820: [mem 0x0000000000100000-0x000000003ffeffff] usable
[    0.000000] BIOS-e820: [mem 0x000000003fff0000-0x000000003fffffff] ACPI data
[    0.000000] BIOS-e820: [mem 0x00000000fec00000-0x00000000fec00fff] reserved
[    0.000000] BIOS-e820: [mem 0x00000000fee00000-0x00000000fee00fff] reserved
[    0.000000] BIOS-e820: [mem 0x00000000fffc0000-0x00000000ffffffff] reserved
[    0.000000] NX (Execute Disable) protection: active
[    0.000000] SMBIOS 2.5 present.
[    0.000000] Hypervisor detected: KVM
[    0.000000] Kernel/User page tables isolation: disabled
[    0.000000] e820: last_pfn = 0x3fff0 max_arch_pfn = 0x400000000
[    0.000000] MTRR: Disabled
[    0.000000] x86/PAT: MTRRs disabled, skipping PAT initialization too.
[    0.000000] CPU MTRRs all blank - virtualized system.
[    0.000000] x86/PAT: Configuration [0-7]: WB  WT  UC- UC  WB  WT  UC- UC  
[    0.000000] found SMP MP-table at [mem 0x0009fff0-0x0009ffff] mapped at [ffff88000009fff0]
[    0.000000] Scanning 1 areas for low memory corruption
[    0.000000] RAMDISK: [mem 0x362de000-0x37166fff]
[    0.000000] ACPI: Early table checksum verification disabled
[    0.000000] ACPI: RSDP 0x00000000000E0000 000024 (v02 VBOX  )
[    0.000000] ACPI: XSDT 0x000000003FFF0030 00003C (v01 VBOX   VBOXXSDT 00000001 ASL  00000061)
[    0.000000] ACPI: FACP 0x000000003FFF00F0 0000F4 (v04 VBOX   VBOXFACP 00000001 ASL  00000061)
[    0.000000] ACPI: DSDT 0x000000003FFF0470 002325 (v02 VBOX   VBOXBIOS 00000002 INTL 20190509)
[    0.000000] ACPI: FACS 0x000000003FFF0200 000040
[    0.000000] ACPI: FACS 0x000000003FFF0200 000040
[    0.000000] ACPI: APIC 0x000000003FFF0240 00005C (v02 VBOX   VBOXAPIC 00000001 ASL  00000061)
[    0.000000] ACPI: SSDT 0x000000003FFF02A0 0001CC (v01 VBOX   VBOXCPUT 00000002 INTL 20190509)
[    0.000000] No NUMA configuration found
[    0.000000] Faking a node at [mem 0x0000000000000000-0x000000003ffeffff]
[    0.000000] NODE_DATA(0) allocated [mem 0x3ffeb000-0x3ffeffff]
[    0.000000] kvm-clock: Using msrs 4b564d01 and 4b564d00
[    0.000000] kvm-clock: cpu 0, msr 0:3ffe3001, primary cpu clock
[    0.000000] kvm-clock: using sched offset of 4345173652 cycles
[    0.000000] clocksource: kvm-clock: mask: 0xffffffffffffffff max_cycles: 0x1cd42e4dffb, max_idle_ns: 881590591483 ns
[    0.000000] Zone ranges:
[    0.000000]   DMA      [mem 0x0000000000001000-0x0000000000ffffff]
[    0.000000]   DMA32    [mem 0x0000000001000000-0x000000003ffeffff]
[    0.000000]   Normal   empty
[    0.000000]   Device   empty
[    0.000000] Movable zone start for each node
[    0.000000] Early memory node ranges
[    0.000000]   node   0: [mem 0x0000000000001000-0x000000000009efff]
[    0.000000]   node   0: [mem 0x0000000000100000-0x000000003ffeffff]
[    0.000000] Initmem setup node 0 [mem 0x0000000000001000-0x000000003ffeffff]
[    0.000000] ACPI: PM-Timer IO Port: 0x4008
[    0.000000] IOAPIC[0]: apic_id 2, version 32, address 0xfec00000, GSI 0-23
[    0.000000] ACPI: INT_SRC_OVR (bus 0 bus_irq 0 global_irq 2 dfl dfl)
[    0.000000] ACPI: INT_SRC_OVR (bus 0 bus_irq 9 global_irq 9 low level)
[    0.000000] Using ACPI (MADT) for SMP configuration information
[    0.000000] smpboot: Allowing 2 CPUs, 0 hotplug CPUs
[    0.000000] PM: Registered nosave memory: [mem 0x00000000-0x00000fff]
[    0.000000] PM: Registered nosave memory: [mem 0x0009f000-0x0009ffff]
[    0.000000] PM: Registered nosave memory: [mem 0x000a0000-0x000effff]
[    0.000000] PM: Registered nosave memory: [mem 0x000f0000-0x000fffff]
[    0.000000] e820: [mem 0x40000000-0xfebfffff] available for PCI devices
[    0.000000] Booting paravirtualized kernel on KVM
[    0.000000] clocksource: refined-jiffies: mask: 0xffffffff max_cycles: 0xffffffff, max_idle_ns: 7645519600211568 ns
[    0.000000] setup_percpu: NR_CPUS:512 nr_cpumask_bits:512 nr_cpu_ids:2 nr_node_ids:1
[    0.000000] PERCPU: Embedded 33 pages/cpu @ffff88003fc00000 s95640 r8192 d31336 u1048576
[    0.000000] Built 1 zonelists in Node order, mobility grouping on.  Total pages: 257912
[    0.000000] Policy zone: DMA32
[    0.000000] Kernel command line: BOOT_IMAGE=/boot/vmlinuz-4.4.0-206-generic root=LABEL=cloudimg-rootfs ro console=tty1 console=ttyS0
[    0.000000] PID hash table entries: 4096 (order: 3, 32768 bytes)
[    0.000000] Memory: 997656K/1048120K available (8641K kernel code, 1337K rwdata, 4044K rodata, 1496K init, 1296K bss, 50464K reserved, 0K cma-reserved)
[    0.000000] SLUB: HWalign=64, Order=0-3, MinObjects=0, CPUs=2, Nodes=1
[    0.000000] Hierarchical RCU implementation.
[    0.000000] 	Build-time adjustment of leaf fanout to 64.
[    0.000000] 	RCU restricting CPUs from NR_CPUS=512 to nr_cpu_ids=2.
[    0.000000] RCU: Adjusting geometry for rcu_fanout_leaf=64, nr_cpu_ids=2
[    0.000000] NR_IRQS:33024 nr_irqs:440 16
[    0.000000] Console: colour VGA+ 80x25
[    0.000000] console [tty1] enabled
[    0.000000] console [ttyS0] enabled
[    0.000000] tsc: Detected 1996.249 MHz processor
[    0.453870] Calibrating delay loop (skipped) preset value.. 3992.49 BogoMIPS (lpj=7984996)
[    0.464944] pid_max: default: 32768 minimum: 301
[    0.476049] ACPI: Core revision 20150930
[    0.486607] ACPI: 2 ACPI AML tables successfully acquired and loaded
[    0.492945] Security Framework initialized
[    0.496201] Yama: becoming mindful.
[    0.500249] AppArmor: AppArmor initialized
[    0.505146] Dentry cache hash table entries: 131072 (order: 8, 1048576 bytes)
[    0.511952] Inode-cache hash table entries: 65536 (order: 7, 524288 bytes)
[    0.520373] Mount-cache hash table entries: 2048 (order: 2, 16384 bytes)
[    0.528578] Mountpoint-cache hash table entries: 2048 (order: 2, 16384 bytes)
[    0.542052] Initializing cgroup subsys io
[    0.549599] Initializing cgroup subsys memory
[    0.554429] Initializing cgroup subsys devices
[    0.561161] Initializing cgroup subsys freezer
[    0.567474] Initializing cgroup subsys net_cls
[    0.577878] Initializing cgroup subsys perf_event
[    0.582090] Initializing cgroup subsys net_prio
[    0.593783] Initializing cgroup subsys hugetlb
[    0.601877] Initializing cgroup subsys pids
[    0.722883] mce: CPU supports 0 MCE banks
[    0.724259] Last level iTLB entries: 4KB 1024, 2MB 1024, 4MB 512
[    0.726093] Last level dTLB entries: 4KB 1536, 2MB 1536, 4MB 768, 1GB 0
[    0.727974] Spectre V1 : Mitigation: usercopy/swapgs barriers and __user pointer sanitization
[    0.731644] Spectre V2 : Spectre mitigation: LFENCE not serializing, switching to generic retpoline
[    0.734584] Spectre V2 : Mitigation: Full generic retpoline
[    0.736690] Spectre V2 : Spectre v2 / SpectreRSB mitigation: Filling RSB on context switch
[    0.739099] Speculative Store Bypass: Mitigation: Speculative Store Bypass disabled via prctl and seccomp
[    0.746082] Freeing SMP alternatives memory: 36K
[    0.756786] ftrace: allocating 32370 entries in 127 pages
[    0.864493] smpboot: APIC(0) Converting physical 0 to logical package 0
[    0.866950] smpboot: Max logical packages: 1
[    0.869309] x2apic enabled
[    0.871067] Switched APIC routing to physical x2apic.
[    0.875932] ..TIMER: vector=0x30 apic1=0 pin1=2 apic2=-1 pin2=-1
[    0.990878] smpboot: CPU0: AMD Ryzen 5 2500U with Radeon Vega Mobile Gfx (family: 0x17, model: 0x11, stepping: 0x0)
[    1.000186] Performance Events: Broken PMU hardware detected, using software events only.
[    1.003663] Failed to access perfctr msr (MSR c0010007 is 0)
[    1.023491] KVM setup paravirtual spinlock
[    1.029645] x86: Booting SMP configuration:
[    1.032115] .... node  #0, CPUs:      #1
[    1.033825] kvm-clock: cpu 1, msr 0:3ffe3041, secondary cpu clock
[    1.187958] mce: CPU supports 0 MCE banks
[    1.212754] x86: Booted up 1 node, 2 CPUs
[    1.214595] smpboot: Total of 2 processors activated (7984.99 BogoMIPS)
[    1.217574] devtmpfs: initialized
[    1.223315] evm: security.selinux
[    1.225201] evm: security.SMACK64
[    1.226964] evm: security.SMACK64EXEC
[    1.229914] evm: security.SMACK64TRANSMUTE
[    1.232363] evm: security.SMACK64MMAP
[    1.234174] evm: security.ima
[    1.235724] evm: security.capability
[    1.241061] clocksource: jiffies: mask: 0xffffffff max_cycles: 0xffffffff, max_idle_ns: 7645041785100000 ns
[    1.244257] futex hash table entries: 512 (order: 3, 32768 bytes)
[    1.246822] pinctrl core: initialized pinctrl subsystem
[    1.248877] RTC time: 10:57:44, date: 04/15/21
[    1.253268] NET: Registered protocol family 16
[    1.270010] cpuidle: using governor ladder
[    1.283923] cpuidle: using governor menu
[    1.287758] PCCT header not found.
[    1.295066] ACPI: bus type PCI registered
[    1.307532] acpiphp: ACPI Hot Plug PCI Controller Driver version: 0.5
[    1.310137] PCI: Using configuration type 1 for base access
[    1.314395] PCI: Using configuration type 1 for extended access
[    1.342697] ACPI: Added _OSI(Module Device)
[    1.350173] ACPI: Added _OSI(Processor Device)
[    1.352900] ACPI: Added _OSI(3.0 _SCP Extensions)
[    1.355555] ACPI: Added _OSI(Processor Aggregator Device)
[    1.359376] ACPI: Executed 1 blocks of module-level executable AML code
[    1.369533] ACPI: Interpreter enabled
[    1.371864] ACPI: (supports S0 S5)
[    1.374969] ACPI: Using IOAPIC for interrupt routing
[    1.380257] PCI: Using host bridge windows from ACPI; if necessary, use "pci=nocrs" and report a bug
[    1.414402] ACPI: PCI Root Bridge [PCI0] (domain 0000 [bus 00-ff])
[    1.416947] acpi PNP0A03:00: _OSC: OS supports [ExtendedConfig ASPM ClockPM Segments MSI]
[    1.424081] acpi PNP0A03:00: _OSC: platform does not support [PCIeCapability]
[    1.430727] acpi PNP0A03:00: _OSC: not requesting control; platform does not support [PCIeCapability]
[    1.434521] acpi PNP0A03:00: _OSC: OS requested [PCIeHotplug PME AER PCIeCapability]
[    1.439914] acpi PNP0A03:00: _OSC: platform willing to grant [PCIeHotplug PME AER]
[    1.445173] acpi PNP0A03:00: _OSC failed (AE_SUPPORT); disabling ASPM
[    1.451162] PCI host bridge to bus 0000:00
[    1.454140] pci_bus 0000:00: root bus resource [io  0x0000-0x0cf7 window]
[    1.476501] pci_bus 0000:00: root bus resource [io  0x0d00-0xffff window]
[    1.482214] pci_bus 0000:00: root bus resource [mem 0x000a0000-0x000bffff window]
[    1.486124] pci_bus 0000:00: root bus resource [mem 0x40000000-0xfdffffff window]
[    1.489594] pci_bus 0000:00: root bus resource [bus 00-ff]
[    1.495014] pci 0000:00:01.1: legacy IDE quirk: reg 0x10: [io  0x01f0-0x01f7]
[    1.497914] pci 0000:00:01.1: legacy IDE quirk: reg 0x14: [io  0x03f6]
[    1.501343] pci 0000:00:01.1: legacy IDE quirk: reg 0x18: [io  0x0170-0x0177]
[    1.504346] pci 0000:00:01.1: legacy IDE quirk: reg 0x1c: [io  0x0376]
[    1.585945] pci 0000:00:07.0: quirk: [io  0x4000-0x403f] claimed by PIIX4 ACPI
[    1.599635] pci 0000:00:07.0: quirk: [io  0x4100-0x410f] claimed by PIIX4 SMB
[    1.650287] ACPI: PCI Interrupt Link [LNKA] (IRQs 5 9 10 *11)
[    1.654433] ACPI: PCI Interrupt Link [LNKB] (IRQs 5 9 *10 11)
[    1.663879] ACPI: PCI Interrupt Link [LNKC] (IRQs 5 *9 10 11)
[    1.669739] ACPI: PCI Interrupt Link [LNKD] (IRQs 5 9 10 *11)
[    1.675054] ACPI: Enabled 2 GPEs in block 00 to 07
[    1.679285] vgaarb: setting as boot device: PCI:0000:00:02.0
[    1.683458] vgaarb: device added: PCI:0000:00:02.0,decodes=io+mem,owns=io+mem,locks=none
[    1.692245] vgaarb: loaded
[    1.694292] vgaarb: bridge control possible 0000:00:02.0
[    1.698463] SCSI subsystem initialized
[    1.702875] ACPI: bus type USB registered
[    1.706038] usbcore: registered new interface driver usbfs
[    1.708620] usbcore: registered new interface driver hub
[    1.711547] usbcore: registered new device driver usb
[    1.714669] PCI: Using ACPI for IRQ routing
[    1.718641] NetLabel: Initializing
[    1.723968] NetLabel:  domain hash size = 128
[    1.726745] NetLabel:  protocols = UNLABELED CIPSOv4
[    1.730147] NetLabel:  unlabeled traffic allowed by default
[    1.734228] amd_nb: Cannot enumerate AMD northbridges
[    1.741689] clocksource: Switched to clocksource kvm-clock
[    1.760555] AppArmor: AppArmor Filesystem Enabled
[    1.764858] pnp: PnP ACPI init
[    1.768463] pnp: PnP ACPI: found 3 devices
[    1.810383] clocksource: acpi_pm: mask: 0xffffff max_cycles: 0xffffff, max_idle_ns: 2085701024 ns
[    1.816668] NET: Registered protocol family 2
[    1.821084] TCP established hash table entries: 8192 (order: 4, 65536 bytes)
[    1.826224] TCP bind hash table entries: 8192 (order: 5, 131072 bytes)
[    1.829626] TCP: Hash tables configured (established 8192 bind 8192)
[    1.833504] UDP hash table entries: 512 (order: 2, 16384 bytes)
[    1.836322] UDP-Lite hash table entries: 512 (order: 2, 16384 bytes)
[    1.840064] NET: Registered protocol family 1
[    1.841968] pci 0000:00:00.0: Limiting direct PCI/PCI transfers
[    1.845291] pci 0000:00:01.0: Activating ISA DMA hang workarounds
[    1.847829] Unpacking initramfs...
[    2.348891] Freeing initrd memory: 14884K
[    2.351163] clocksource: tsc: mask: 0xffffffffffffffff max_cycles: 0x398cadd9d93, max_idle_ns: 881590552906 ns
[    2.355526] platform rtc_cmos: registered platform RTC device (no PNP device found)
[    2.359551] Scanning for low memory corruption every 60 seconds
[    2.370456] audit: initializing netlink subsys (disabled)
[    2.372676] audit: type=2000 audit(1618484270.922:1): initialized
[    2.375226] Initialise system trusted keyring
[    2.378266] HugeTLB registered 2 MB page size, pre-allocated 0 pages
[    2.385727] zbud: loaded
[    2.391456] VFS: Disk quotas dquot_6.6.0
[    2.393425] VFS: Dquot-cache hash table entries: 512 (order 0, 4096 bytes)
[    2.397339] squashfs: version 4.0 (2009/01/31) Phillip Lougher
[    2.401994] fuse init (API version 7.23)
[    2.404594] Key type big_key registered
[    2.407005] Allocating IMA MOK and blacklist keyrings.
[    2.418514] Key type asymmetric registered
[    2.421046] Asymmetric key parser 'x509' registered
[    2.432591] Block layer SCSI generic (bsg) driver version 0.4 loaded (major 249)
[    2.437597] io scheduler noop registered
[    2.441160] io scheduler deadline registered (default)
[    2.445404] io scheduler cfq registered
[    2.448546] pci_hotplug: PCI Hot Plug PCI Core version: 0.5
[    2.451209] pciehp: PCI Express Hot Plug Controller Driver version: 0.4
[    2.456058] ACPI: AC Adapter [AC] (on-line)
[    2.461361] input: Power Button as /devices/LNXSYSTM:00/LNXPWRBN:00/input/input0
[    2.480220] ACPI: Power Button [PWRF]
[    2.483083] input: Sleep Button as /devices/LNXSYSTM:00/LNXSLPBN:00/input/input1
[    2.488534] ACPI: Sleep Button [SLPF]
[    2.492396] GHES: HEST is not enabled!
[    2.494289] Serial: 8250/16550 driver, 32 ports, IRQ sharing enabled
[    2.503075] ACPI: Battery Slot [BAT0] (battery present)
[    2.527395] 00:02: ttyS0 at I/O 0x3f8 (irq = 4, base_baud = 115200) is a 16550A
[    2.533949] Linux agpgart interface v0.103
[    2.567660] loop: module loaded
[    2.572327] scsi host0: ata_piix
[    2.578064] scsi host1: ata_piix
[    2.585930] ata1: PATA max UDMA/33 cmd 0x1f0 ctl 0x3f6 bmdma 0xd000 irq 14
[    2.588264] ata2: PATA max UDMA/33 cmd 0x170 ctl 0x376 bmdma 0xd008 irq 15
[    2.594183] libphy: Fixed MDIO Bus: probed
[    2.599160] tun: Universal TUN/TAP device driver, 1.6
[    2.605339] tun: (C) 1999-2004 Max Krasnyansky <maxk@qualcomm.com>
[    2.618670] PPP generic driver version 2.4.2
[    2.626295] ehci_hcd: USB 2.0 'Enhanced' Host Controller (EHCI) Driver
[    2.636727] ehci-pci: EHCI PCI platform driver
[    2.645081] ehci-platform: EHCI generic platform driver
[    2.650249] ohci_hcd: USB 1.1 'Open' Host Controller (OHCI) Driver
[    2.655832] ohci-pci: OHCI PCI platform driver
[    2.660113] ohci-platform: OHCI generic platform driver
[    2.671887] uhci_hcd: USB Universal Host Controller Interface driver
[    2.678307] i8042: PNP: PS/2 Controller [PNP0303:PS2K,PNP0f03:PS2M] at 0x60,0x64 irq 1,12
[    2.686877] serio: i8042 KBD port at 0x60,0x64 irq 1
[    2.691899] serio: i8042 AUX port at 0x60,0x64 irq 12
[    2.694934] mousedev: PS/2 mouse device common for all mice
[    2.699010] input: AT Translated Set 2 keyboard as /devices/platform/i8042/serio0/input/input2
[    2.705532] rtc_cmos rtc_cmos: rtc core: registered rtc_cmos as rtc0
[    2.708485] rtc_cmos rtc_cmos: alarms up to one day, 114 bytes nvram
[    2.715293] i2c /dev entries driver
[    2.721139] device-mapper: uevent: version 1.0.3
[    2.726983] device-mapper: ioctl: 4.34.0-ioctl (2015-10-28) initialised: dm-devel@redhat.com
[    2.731626] ledtrig-cpu: registered to indicate activity on CPUs
[    2.735745] NET: Registered protocol family 10
[    2.739273] NET: Registered protocol family 17
[    2.746244] Key type dns_resolver registered
[    2.752660] registered taskstats version 1
[    2.755745] Loading compiled-in X.509 certificates
[    2.763784] Loaded X.509 cert 'Build time autogenerated kernel key: 516e255599dc793c39c72783e7b5301ff98d6a80'
[    2.774738] zswap: loaded using pool lzo/zbud
[    2.789610] Key type trusted registered
[    2.801598] Key type encrypted registered
[    2.803471] AppArmor: AppArmor sha1 policy hashing enabled
[    2.806596] ima: No TPM chip found, activating TPM-bypass!
[    2.809446] ima: Allocated hash algorithm: sha1
[    2.811609] evm: HMAC attrs: 0x1
[    2.815188]   Magic number: 1:616:982
[    2.817565] rtc_cmos rtc_cmos: setting system clock to 2021-04-15 10:57:46 UTC (1618484266)
[    2.821335] BIOS EDD facility v0.16 2004-Jun-25, 0 devices found
[    2.824106] EDD information not available.
[    2.830518] Freeing unused kernel memory: 1496K
[    2.849860] Write protecting the kernel read-only data: 14336k
[    2.868811] Freeing unused kernel memory: 1588K
[    2.874023] Freeing unused kernel memory: 52K
Loading, please wait...
starting version 229
[    2.958269] random: systemd-udevd: uninitialized urandom read (16 bytes read, 5 bits of entropy available)
[    2.962965] random: udevadm: uninitialized urandom read (16 bytes read, 5 bits of entropy available)
[    2.963108] random: udevadm: uninitialized urandom read (16 bytes read, 5 bits of entropy available)
[    2.985261] random: systemd-udevd: uninitialized urandom read (16 bytes read, 5 bits of entropy available)
[    2.991368] random: udevadm: uninitialized urandom read (16 bytes read, 5 bits of entropy available)
[    2.991548] random: udevadm: uninitialized urandom read (16 bytes read, 5 bits of entropy available)
[    2.991977] random: udevadm: uninitialized urandom read (16 bytes read, 5 bits of entropy available)
[    2.992185] random: udevadm: uninitialized urandom read (16 bytes read, 5 bits of entropy available)
[    2.992397] random: udevadm: uninitialized urandom read (16 bytes read, 5 bits of entropy available)
[    2.992596] random: udevadm: uninitialized urandom read (16 bytes read, 5 bits of entropy available)
[    3.317561] e1000: Intel(R) PRO/1000 Network Driver - version 7.3.21-k8-NAPI
[    3.321086] e1000: Copyright (c) 1999-2006 Intel Corporation.
[    3.327088] Fusion MPT base driver 3.04.20
[    3.329955] Copyright (c) 1999-2008 LSI Corporation
[    3.371007] Fusion MPT SPI Host driver 3.04.20
[    3.417506] AVX2 version of gcm_enc/dec engaged.
[    3.419922] AES CTR mode by8 optimization enabled
[    3.583809] input: ImExPS/2 Generic Explorer Mouse as /devices/platform/i8042/serio1/input/input4
[    4.562275] e1000 0000:00:03.0 eth0: (PCI:33MHz:32-bit) 02:b5:11:9f:b1:da
[    4.566441] e1000 0000:00:03.0 eth0: Intel(R) PRO/1000 Network Connection
[    5.122027] e1000 0000:00:08.0 eth1: (PCI:33MHz:32-bit) 08:00:27:20:68:6d
[    5.125729] e1000 0000:00:08.0 eth1: Intel(R) PRO/1000 Network Connection
[    5.130942] e1000 0000:00:03.0 enp0s3: renamed from eth0
[    5.133345] mptbase: ioc0: Initiating bringup
[    5.146227] e1000 0000:00:08.0 enp0s8: renamed from eth1
[    5.482245] ioc0: LSI53C1030 A0: Capabilities={Initiator}
[    7.492433] scsi host2: ioc0: LSI53C1030 A0, FwRev=00000000h, Ports=1, MaxQ=256, IRQ=20
[    7.630735] scsi 2:0:0:0: Direct-Access     VBOX     HARDDISK         1.0  PQ: 0 ANSI: 5
[    7.639003] scsi target2:0:0: Beginning Domain Validation
[    7.646870] scsi target2:0:0: Domain Validation skipping write tests
[    7.650591] scsi target2:0:0: Ending Domain Validation
[    7.653567] scsi target2:0:0: asynchronous
[    7.661916] scsi 2:0:1:0: Direct-Access     VBOX     HARDDISK         1.0  PQ: 0 ANSI: 5
[    7.665379] scsi target2:0:1: Beginning Domain Validation
[    7.671045] scsi target2:0:1: Domain Validation skipping write tests
[    7.673420] scsi target2:0:1: Ending Domain Validation
[    7.675682] scsi target2:0:1: asynchronous
[    7.710705] sd 2:0:0:0: Attached scsi generic sg0 type 0
[    7.713282] sd 2:0:0:0: [sda] 83886080 512-byte logical blocks: (42.9 GB/40.0 GiB)
[    7.713317] sd 2:0:1:0: Attached scsi generic sg1 type 0
[    7.730559] sd 2:0:1:0: [sdb] 20480 512-byte logical blocks: (10.5 MB/10.0 MiB)
[    7.734587] sd 2:0:0:0: [sda] Write Protect is off
[    7.734768] sd 2:0:0:0: [sda] Incomplete mode parameter data
[    7.734771] sd 2:0:0:0: [sda] Assuming drive cache: write through
[    7.742668]  sda: sda1
[    7.746495] sd 2:0:0:0: [sda] Attached SCSI disk
[    7.748594] sd 2:0:1:0: [sdb] Write Protect is off
[    7.751308] sd 2:0:1:0: [sdb] Incomplete mode parameter data
[    7.755301] sd 2:0:1:0: [sdb] Assuming drive cache: write through
[    7.768341] sd 2:0:1:0: [sdb] Attached SCSI disk
Begin: Loading essential drivers ... [    9.785816] md: linear personality registered for level -1
[    9.796660] md: multipath personality registered for level -4
[    9.810172] md: raid0 personality registered for level 0
[    9.833532] md: raid1 personality registered for level 1
[    9.918088] raid6: sse2x1   gen()  2050 MB/s
[    9.985864] raid6: sse2x1   xor()  1598 MB/s
[   10.053784] raid6: sse2x2   gen()  4540 MB/s
[   10.121824] raid6: sse2x2   xor()  2896 MB/s
[   10.189820] raid6: sse2x4   gen()  5631 MB/s
[   10.257977] raid6: sse2x4   xor()  3386 MB/s
[   10.329709] raid6: avx2x1   gen()  6353 MB/s
[   10.401738] raid6: avx2x2   gen()  6645 MB/s
[   10.470709] raid6: avx2x4   gen()  7111 MB/s
[   10.472587] raid6: using algorithm avx2x4 gen() 7111 MB/s
[   10.481875] raid6: using avx2x2 recovery algorithm
[   10.487690] xor: automatically using best checksumming function:
[   10.529707]    avx       :  5205.000 MB/sec
[   10.554806] async_tx: api initialized (async)
[   10.579757] md: raid6 personality registered for level 6
[   10.583135] md: raid5 personality registered for level 5
[   10.586677] md: raid4 personality registered for level 4
[   10.621930] md: raid10 personality registered for level 10
done.
Begin: Running /scripts/init-premount ... done.
Begin: Mounting root file system ... Begin: Running /scripts/local-top ... done.
Begin: Running /scripts/local-premount ... [   10.754907] Btrfs loaded
Scanning for Btrfs filesystems
done.
Warning: fsck not present, so skipping root file system
[   10.961257] EXT4-fs (sda1): mounted filesystem with ordered data mode. Opts: (null)
done.
Begin: Running /scripts/local-bottom ... done.
Begin: Running /scripts/init-bottom ... done.
[   11.349300] systemd[1]: systemd 229 running in system mode. (+PAM +AUDIT +SELINUX +IMA +APPARMOR +SMACK +SYSVINIT +UTMP +LIBCRYPTSETUP +GCRYPT +GNUTLS +ACL +XZ -LZ4 +SECCOMP +BLKID +ELFUTILS +KMOD -IDN)
[   11.358704] systemd[1]: Detected virtualization oracle.
[   11.363864] systemd[1]: Detected architecture x86-64.

Welcome to [1mUbuntu 16.04.7 LTS[0m!

[   11.379773] systemd[1]: Set hostname to <ubuntu>.
[   11.388965] systemd[1]: Initializing machine ID from random generator.
[   11.392680] systemd[1]: Installed transient /etc/machine-id file.
[   11.627637] random: nonblocking pool is initialized
[   11.887246] systemd[1]: Reached target System Time Synchronized.
[[0;32m  OK  [0m] Reached target System Time Synchronized.
[   11.892979] systemd[1]: Set up automount Arbitrary Executable File Formats File System Automount Point.
[[0;32m  OK  [0m] Set up automount Arbitrary Executab...ats File System Automount Point.
[   11.903571] systemd[1]: Listening on Device-mapper event daemon FIFOs.
[[0;32m  OK  [0m] Listening on Device-mapper event daemon FIFOs.
[   11.910742] systemd[1]: Listening on udev Control Socket.
[[0;32m  OK  [0m] Listening on udev Control Socket.
[   11.916324] systemd[1]: Listening on Journal Socket (/dev/log).
[[0;32m  OK  [0m] Listening on Journal Socket (/dev/log).
[   11.924880] systemd[1]: Created slice User and Session Slice.
[[0;32m  OK  [0m] Created slice User and Session Slice.
[   11.931827] systemd[1]: Reached target Encrypted Volumes.
[[0;32m  OK  [0m] Reached target Encrypted Volumes.
[   11.936821] systemd[1]: Listening on LVM2 metadata daemon socket.
[[0;32m  OK  [0m] Listening on LVM2 metadata daemon socket.
[   11.943973] systemd[1]: Reached target Swap.
[[0;32m  OK  [0m] Reached target Swap.
[   11.948682] systemd[1]: Listening on fsck to fsckd communication Socket.
[[0;32m  OK  [0m] Listening on fsck to fsckd communication Socket.
[   11.961372] systemd[1]: Listening on /dev/initctl Compatibility Named Pipe.
[[0;32m  OK  [0m] Listening on /dev/initctl Compatibility Named Pipe.
[   11.969683] systemd[1]: Started Trigger resolvconf update for networkd DNS.
[[0;32m  OK  [0m] Started Trigger resolvconf update for networkd DNS.
[   11.979255] systemd[1]: Listening on udev Kernel Socket.
[[0;32m  OK  [0m] Listening on udev Kernel Socket.
[   11.987235] systemd[1]: Reached target User and Group Name Lookups.
[[0;32m  OK  [0m] Reached target User and Group Name Lookups.
[   12.003856] systemd[1]: Listening on Syslog Socket.
[[0;32m  OK  [0m] Listening on Syslog Socket.
[   12.009341] systemd[1]: Listening on Journal Socket.
[[0;32m  OK  [0m] Listening on Journal Socket.
[   12.020994] systemd[1]: Listening on Journal Audit Socket.
[[0;32m  OK  [0m] Listening on Journal Audit Socket.
[   12.484151] systemd[1]: Listening on LVM2 poll daemon socket.
[[0;32m  OK  [0m] Listening on LVM2 poll daemon socket.
[   12.493840] systemd[1]: Created slice System Slice.
[[0;32m  OK  [0m] Created slice System Slice.
[   12.530299] systemd[1]: Starting Uncomplicated firewall...
         Starting Uncomplicated firewall...
[   12.542536] systemd[1]: Mounting POSIX Message Queue File System...
         Mounting POSIX Message Queue File System...
[   12.564262] systemd[1]: Starting Set console keymap...
         Starting Set console keymap...
[   12.589293] systemd[1]: Reached target Slices.
[[0;32m  OK  [0m] Reached target Slices.
[   12.649909] systemd[1]: Starting Nameserver information manager...
         Starting Nameserver information manager...
[   12.661865] systemd[1]: Mounting Debug File System...
         Mounting Debug File System...
[   12.667304] systemd[1]: Starting Create list of required static device nodes for the current kernel...
         Starting Create list of required st... nodes for the current kernel...
[   12.681006] systemd[1]: Created slice system-serial\x2dgetty.slice.
[[0;32m  OK  [0m] Created slice system-serial\x2dgetty.slice.
[   12.714922] systemd[1]: Starting Monitoring of LVM2 mirrors, snapshots etc. using dmeventd or progress polling...
         Starting Monitoring of LVM2 mirrors... dmeventd or progress polling...
[   12.736457] systemd[1]: Mounting Huge Pages File System...
         Mounting Huge Pages File System...
[   12.750654] systemd[1]: Starting File System Check on Root Device...
         Starting File System Check on Root Device...
[   12.763787] systemd[1]: Starting Journal Service...
         Starting Journal Service...
[   12.777818] systemd[1]: Starting Load Kernel Modules...
         Starting Load Kernel Modules...
[   12.799560] systemd[1]: Started Forward Password Requests to Wall Directory Watch.
[[0;32m  OK  [0m] Started Forward Password Requests to Wall Directory Watch.[   12.817539] Loading iSCSI transport class v2.0-870.

[   12.848264] systemd[1]: Mounted Huge Pages File System.
[[0;32m  OK  [0m] Mounted Huge Pages File System.
[   12.874013] systemd[1]: Mounted Debug File System.
[[0;32m  OK  [0m] Mounted Debug File System.
[   12.903525] systemd[1]: Mounted POSIX Message Queue File System.
[[0;32m  OK  [0m] Mounted POSIX Message Queue File System.
[   12.932673] systemd[1]: Started Uncomplicated firewall.
[[0;32m  OK  [0m] Started Uncomplicated firewall.
[   12.967059] systemd[1]: Started Set console keymap.
[[0;32m  OK  [0m] Started Set console keymap.
[   12.976014] iscsi: registered transport (tcp)
[   12.989741] systemd[1]: Started Create list of required static device nodes for the current kernel.
[[0;32m  OK  [0m] Started Create list of required sta...ce nodes for the current kernel.
[   13.020442] systemd[1]: Started File System Check on Root Device.
[[0;32m  OK  [0m] Started File System Check on Root Device.
[   13.053209] systemd[1]: Started Nameserver information manager.
[[0;32m  OK  [0m] Started Nameserver information manager.
[   13.090077] systemd[1]: Started Journal Service.
[[0;32m  OK  [0m] Started Journal Service.
[[0;32m  OK  [0m] Started File System Check Daemon to report status.
[[0;32m  OK  [0m] Started LVM2 metadata daemon.
         Starting Remount Root and Kernel File Systems...
         Starting Create Static Device Nodes in /dev...
[   13.182334] EXT4-fs (sda1): re-mounted. Opts: (null)
[   13.189003] iscsi: registered transport (iser)
[[0;32m  OK  [0m] Started Remount Root and Kernel File Systems.
         Starting Flush Journal to Persistent Storage...
         Starting udev Coldplug all Devices...
         Starting Load/Save Random Seed...
[[0;32m  OK  [0m] Started Load Kernel Modules.
         Mounting FUSE Control File System...
         Starting Apply Kernel Variables...
[[0;32m  OK  [0m] Mounted FUSE Control File System.
[[0;32m  OK  [0m] Started Load/Save Random Seed.
[[0;32m  OK  [0m] Started Create Static Device Nodes in /dev.
         Starting udev Kernel Device Manager...
[[0;32m  OK  [0m] Started Apply Kernel Variables.
[[0;32m  OK  [0m] Started Flush Journal to Persistent Storage.
[[0;32m  OK  [0m] Started Monitoring of LVM2 mirrors,...ng dmeventd or progress polling.
[[0;32m  OK  [0m] Reached target Local File Systems (Pre).
[[0;32m  OK  [0m] Reached target Local File Systems.
         Starting Initial cloud-init job (pre-networking)...
         Starting Commit a transient machine-id on disk...
         Starting Create Volatile Files and Directories...
         Starting Tell Plymouth To Write Out Runtime Data...
         Starting LSB: AppArmor initialization...
         Starting Set console font and keymap...
[[0;32m  OK  [0m] Started udev Coldplug all Devices.
[[0;32m  OK  [0m] Started Commit a transient machine-id on disk.
[[0;32m  OK  [0m] Started Tell Plymouth To Write Out Runtime Data.
[[0;32m  OK  [0m] Started udev Kernel Device Manager.
[[0;32m  OK  [0m] Started Dispatch Password Requests to Console Directory Watch.
[[0;32m  OK  [0m] Started Create Volatile Files and Directories.
         Starting Update UTMP about System Boot/Shutdown...
[[0;32m  OK  [0m] Started Update UTMP about System Boot/Shutdown.
[[0;32m  OK  [0m] Found device /dev/ttyS0.
[[0;32m  OK  [0m] Started Set console font and keymap.
[[0;32m  OK  [0m] Created slice system-getty.slice.
[[0;32m  OK  [0m] Listening on Load/Save RF Kill Switch Status /dev/rfkill Watch.
[   17.660189] cloud-init[475]: Cloud-init v. 20.4.1-0ubuntu1~16.04.1 running 'init-local' at Thu, 15 Apr 2021 10:58:00 +0000. Up 16.46 seconds.
[[0;32m  OK  [0m] Started Initial cloud-init job (pre-networking).
[[0;32m  OK  [0m] Reached target Network (Pre).
[[0;32m  OK  [0m] Started LSB: AppArmor initialization.
         Starting Load AppArmor profiles managed internally by snapd...
         Starting Raise network interfaces...
[[0;32m  OK  [0m] Started Load AppArmor profiles managed internally by snapd.
[[0;32m  OK  [0m] Started Raise network interfaces.
[[0;32m  OK  [0m] Reached target Network.
         Starting Initial cloud-init job (metadata service crawler)...
[   21.944848] cloud-init[965]: Cloud-init v. 20.4.1-0ubuntu1~16.04.1 running 'init' at Thu, 15 Apr 2021 10:58:04 +0000. Up 19.93 seconds.
[   21.952277] cloud-init[965]: ci-info: ++++++++++++++++++++++++++++++++++++++Net device info+++++++++++++++++++++++++++++++++++++++
[   21.961133] cloud-init[965]: ci-info: +--------+-------+----------------------------+---------------+--------+-------------------+
[   21.965703] cloud-init[965]: ci-info: | Device |   Up  |          Address           |      Mask     | Scope  |     Hw-Address    |
[   21.969294] cloud-init[965]: ci-info: +--------+-------+----------------------------+---------------+--------+-------------------+
[   21.974302] cloud-init[965]: ci-info: | enp0s3 |  True |         10.0.2.15          | 255.255.255.0 | global | 02:b5:11:9f:b1:da |
[   21.978167] cloud-init[965]: ci-info: | enp0s3 |  True | fe80::b5:11ff:fe9f:b1da/64 |       .       |  link  | 02:b5:11:9f:b1:da |
[   21.980840] cloud-init[965]: ci-info: | enp0s8 | False |             .              |       .       |   .    | 08:00:27:20:68:6d |
[   21.984400] cloud-init[965]: ci-info: |   lo   |  True |         127.0.0.1          |   255.0.0.0   |  host  |         .         |
[   21.989366] cloud-init[965]: ci-info: |   lo   |  True |          ::1/128           |       .       |  host  |         .         |
[   21.993514] cloud-init[965]: ci-info: +--------+-------+----------------------------+---------------+--------+-------------------+
[   21.997303] cloud-init[965]: ci-info: +++++++++++++++++++++++++++Route IPv4 info++++++++++++++++++++++++++++
[   22.004079] cloud-init[965]: ci-info: +-------+-------------+----------+---------------+-----------+-------+
[   22.013502] cloud-init[965]: ci-info: | Route | Destination | Gateway  |    Genmask    | Interface | Flags |
[   22.016327] cloud-init[965]: ci-info: +-------+-------------+----------+---------------+-----------+-------+
[   22.019769] cloud-init[965]: ci-info: |   0   |   0.0.0.0   | 10.0.2.2 |    0.0.0.0    |   enp0s3  |   UG  |
[   22.023390] cloud-init[965]: ci-info: |   1   |   10.0.2.0  | 0.0.0.0  | 255.255.255.0 |   enp0s3  |   U   |
[   22.026928] cloud-init[965]: ci-info: +-------+-------------+----------+---------------+-----------+-------+
[   22.033436] cloud-init[965]: ci-info: +++++++++++++++++++Route IPv6 info+++++++++++++++++++
[   22.036318] cloud-init[965]: ci-info: +-------+-------------+---------+-----------+-------+
[   22.041227] cloud-init[965]: ci-info: | Route | Destination | Gateway | Interface | Flags |
[   22.053390] cloud-init[965]: ci-info: +-------+-------------+---------+-----------+-------+
[   22.057752] cloud-init[965]: ci-info: |   0   |  fe80::/64  |    ::   |   enp0s3  |   U   |
[   22.063494] cloud-init[965]: ci-info: |   4   |   ff00::/8  |    ::   |   enp0s3  |   U   |
[   22.067504] cloud-init[965]: ci-info: +-------+-------------+---------+-----------+-------+
[   22.071435] cloud-init[965]: Generating public/private rsa key pair.
[   22.081581] cloud-init[965]: Your identification has been saved in /etc/ssh/ssh_host_rsa_key.
[[0;32m  OK  [0m] Started Initial cloud-init job (metadata service crawler).
[[0;32m  OK  [0m] Reached target Cloud-config availability.
[[0;32m  OK  [0m] Reached target System Initialization.
[   22.085565] cloud-init[965]: Your public key has been saved in /etc/ssh/ssh_host_rsa_key.pub.
[[0;32m  OK  [0m] Started ACPI Events Check.
[[0;32m  OK  [0m] Reached target Paths.
[[0;32m  OK  [0m] Started Message of the Day.
[[0;32m  OK  [0m] Started Daily apt download activities.
[   22.106218]          cloud-initStarting LXD - unix socket.[965]: 
The key fingerprint is:
[   22.113619] [[0;32m  OK  [0m] Listening on ACPID Listen Socket.
[[0;32m  OK  [0m] Listening on UUID daemon activation socket.
[[0;32m  OK  [0m] Listening on D-Bus System Message Bus Socket.
cloud-init[965]: SHA256:cvG5rNdFgq0wso2N/LyiVkYaOrzqfPzHWbTlN231xsk root@ubuntu-xenial
[   22.118180]          Starting Socket activation for snappy daemon.
[[0;32m  OK  [0m] Started Daily Cleanup of Temporary Directories.
cloud-init[[0;32m  OK  [0m] Started Daily apt upgrade and clean activities.
[[0;32m  OK  [0m] Reached target Timers.
[[0;32m  OK  [0m] Reached target Network is Online.
[965]: The key's randomart image is:
[   22.122259] cloud-init[965]: +---[RSA 2048]----+
[   22.125030] cloud-init[965]: |                 |
[   22.126946] cloud-init[965]: |                 |
[   22.130835] cloud-init[965]: |        .  o     |
[   22.136122] cloud-init[965]: |    . o o+.oo . .|
[   22.140361] cloud-init[965]: | . . =.BSo*. oo.+|
[   22.142124] cloud-init[965]: |  + . Boo+.o o.E+|
[   22.148099] cloud-init[965]: |  .o o.oo o...o. |
[   22.150115] cloud-init         Starting iSCSI initiator daemon (iscsid)...
[965]: |. .o. .+o.. .    |[[0;32m  OK  [0m] Listening on LXD - unix socket.
[[0;32m  OK  [0m] Listening on Socket activation for snappy daemon.

[   22.172439] cloud-init[965]: |o+..oo..oo       |
[   22.180202] [[0;32m  OK  [0m] Reached target Sockets.
[[0;32m  OK  [0m] Reached target Basic System.
cloud-init[965]: +----[SHA256]-----+
         Starting Accounts Service...
         Starting System Logging Service...
[   22.193283]          Starting /etc/rc.local Compatibility...
[[0;32m  OK  [0m] Started FUSE filesystem for LXC.
         Starting Virtualbox guest utils...
         Starting Snap Daemon...
cloud-init[965]: Generating public/private dsa key pair.
[   22.280434] cloud-init[965]: Your identification has been saved in /etc/ssh/ssh_host_dsa_key.
[   22.301995] cloud-init[965]: Your public key has been saved in /etc/ssh/ssh_host_dsa_key.pub.
[[0;32m  OK  [0m] Started D-Bus System Message Bus.
[   22.313371] cloud-init[965]: The key fingerprint is:
[   22.345082] cloud-init[965]: SHA256:SC9AhBQjCNRrVO2vad7AO2lwTIl+xZo9E06omZgj+vQ root@ubuntu-xenial
[   22.346797] cloud-init[965]: The key's randomart image is:
[   22.353087] cloud-init[965]: +---[DSA 1024]----+
[   22.354719] cloud-init[965]: |*o=++..          |
[   22.356871] cloud-init[965]: |...=   .         |
[   22.359502] cloud-init[965]: |  . o + +        |
[   22.365017] cloud-init[965]: |   o + B =       |
[   22.366864] cloud-init[965]: |  . + O S .      |
[   22.369230] cloud-init[965]: | . + *.B *       |
[   22.370696] cloud-init[965]: |. o . +o+ o      |
[   22.372219] cloud-init[965]: |.. .   B+        |
[   22.374133] cloud-init[965]: | .. E +o..       |
[   22.376763] cloud-init[965]: +----[SHA256]-----+
[   22.378955] cloud-init[965]: Generating public/private ecdsa key pair.
[   22.381229] cloud-init[965]: Your identification has been saved in /etc/ssh/ssh_host_ecdsa_key.
[   22.382632] cloud-init[965]: Your public key has been saved in /etc/ssh/ssh_host_ecdsa_key.pub.
[   22.384372] cloud-init[965]: The key fingerprint is:
[   22.386630] cloud-init[965]: SHA256:ofZQirY8HvMdrgUKvALZKn2oVTBDW5Tx6xsgrZKuYRs root@ubuntu-xenial
[   22.389877] cloud-init[965]: The key's randomart image is:
[   22.392756] cloud-init[965]: +---[ECDSA 256]---+
[   22.399737] cloud-init[965]: |  ..+o           |
[   22.409526] cloud-init[965]: | . o..           |
[   22.409977] cloud-init[965]: |  =   . o        |
         Starting Pollinate to seed the pseudo random number generator...
[   22.412194] cloud-init[965]: | + = . = .       |
[   22.413446] cloud-init[965]: |o = * B S        |
         Starting LSB: Record successful boot for GRUB...
[   22.418059] cloud-init[965]: |.+ X * +         |
[   22.421567] cloud-init[965]: |BE* O o +        |
[[0;32m  OK  [0m] Started Regular background program processing daemon.
         Starting Login Service...
[[0;32m  OK  [0m] Started Deferred execution scheduler.
[[0;32m  OK  [0m] Started ACPI event daemon.
[   22.434154] cloud-init[965]: |+*oo = * .       |
[   22.459465]          Starting LSB: MD monitoring daemon...
         Starting LXD - container startup/shutdown...
cloud-init[965]: |+o  . +.o        |
[   22.478247] [[0;32m  OK  [0m] Started System Logging Service.
cloud-init[965]: +----[SHA256]-----+
[[0;32m  OK  [0m] Started /etc/rc.local Compatibility.
[   22.495809] cloud-init[965]: [[0;32m  OK  [0m] Started iSCSI initiator daemon (iscsid).
Generating public/private ed25519 key pair.
[   22.519105] cloud-init[965]: Your identification has been saved in /etc/ssh/ssh_host_ed25519_key.
         Starting Authenticate and Authorize Users to Run Privileged Tasks...
         Starting Login to default iSCSI targets...
[[0;32m  OK  [0m] Started Login Service.
[   22.628535] cloud-init[965]: Your public key has been saved in /etc/ssh/ssh_host_ed25519_key.pub.
[   22.630763] cloud-init[965]: The key fingerprint is:
[   22.632814] cloud-init[965]: SHA256:mk8uCGKUks7PS+Noi/fWAF0Pm0BA5eOxZFYO712UrZY root@ubuntu-xenial[[0;32m  OK  [0m] Started Unattended Upgrades Shutdown.

[   22.650409] cloud-init[965]: The key's randomart image is:
[   22.671425] cloud-init[965]: +--[ED25519 256]--+
[   22.763120] cloud-init[965]: | .o++ .   .o     |
[[0;32m  OK  [0m] Started LSB: Record successful boot for GRUB.
[[0;32m  OK  [0m] Started LSB: MD monitoring daemon.
[   22.790129] cloud-init[965]: |   ..=o  .. .    |
[[0;32m  OK  [0m] Started Authenticate and Authorize Users to Run Privileged Tasks.
[   22.856762] cloud-init[965]: | ...Boo=  .o     |
[   22.864648] cloud-init[965]: |oo.=.=o...E      |
[   22.880310] cloud-init[965]: |=  .o . S.       |
[   22.882985] cloud-init[965]: |.+. .  o         |
[   22.887618] cloud-init[965]: |..o+ +o .        |
[   22.903888] cloud-init[965]: |..=o+ o+         |
[[0;32m  OK  [0m] Started LXD - container startup/shutdown.
[   22.923621] cloud-init[965]: |o+.=o  .o        |
[   22.929906] cloud-init[965]: +----[SHA256]-----+
[[0;32m  OK  [0m] Started Accounts Service.
[[0;32m  OK  [0m] Started Login to default iSCSI targets.
[[0;32m  OK  [0m] Reached target Remote File Systems (Pre).
[[0;32m  OK  [0m] Reached target Remote File Systems.
         Starting Permit User Sessions...
         Starting LSB: Set the CPU Frequency Scaling governor to "ondemand"...
         Starting LSB: daemon to balance interrupts for SMP systems...
         Starting LSB: automatic crash report generation...
[[0;32m  OK  [0m] Started Permit User Sessions.
         Starting Hold until boot process finishes up...
         Starting Terminate Plymouth Boot Screen...
[[0;32m  OK  [0m] Started Hold until boot process finishes up.
         Starting Set console scheme...
[[0;32m  OK  [0m] Started Getty on tty1.
[[0;32m  OK  [0m] Started Serial Getty on ttyS0.
[[0;32m  OK  [0m] Reached target Login Prompts.
[[0;32m  OK  [0m] Started Terminate Plymouth Boot Screen.
[[0;32m  OK  [0m] Started Set console scheme.
[[0;32m  OK  [0m] Started LSB: Set the CPU Frequency Scaling governor to "ondemand".
[[0;32m  OK  [0m] Started LSB: automatic crash report generation.
[[0;32m  OK  [0m] Started LSB: daemon to balance interrupts for SMP systems.
[[0;32m  OK  [0m] Started Virtualbox guest utils.
[[0;32m  OK  [0m] Started Snap Daemon.
         Starting Wait until snapd is fully seeded...
[[0;32m  OK  [0m] Started Pollinate to seed the pseudo random number generator.
         Starting OpenBSD Secure Shell server...
[[0;32m  OK  [0m] Started OpenBSD Secure Shell server.
[[0;32m  OK  [0m] Created slice User Slice of vagrant.
[[0;32m  OK  [0m] Started Session 1 of user vagrant.
         Starting User Manager for UID 1000...
[[0;32m  OK  [0m] Started User Manager for UID 1000.
[[0;32m  OK  [0m] Started Wait until snapd is fully seeded.
         Starting Apply the settings specified in cloud-config...
[[0;32m  OK  [0m] Reached target Multi-User System.
[[0;32m  OK  [0m] Reached target Graphical Interface.
         Starting Update UTMP about System Runlevel Changes...
[[0;32m  OK  [0m] Started Update UTMP about System Runlevel Changes.
[   28.511316] cloud-init[1390]: Generating locales (this might take a while)...

Ubuntu 16.04.7 LTS ubuntu-xenial ttyS0

ubuntu-xenial login: [   30.751171] cloud-init[1390]:   en_US.UTF-8... done
[   30.752353] cloud-init[1390]: Generation complete.
[   32.674668] cloud-init[1390]: Cloud-init v. 20.4.1-0ubuntu1~16.04.1 running 'modules:config' at Thu, 15 Apr 2021 10:58:12 +0000. Up 27.93 seconds.
ci-info: no authorized SSH keys fingerprints found for user ubuntu.
<14>Apr 15 10:58:19 ec2: 
<14>Apr 15 10:58:19 ec2: #############################################################
<14>Apr 15 10:58:19 ec2: -----BEGIN SSH HOST KEY FINGERPRINTS-----
<14>Apr 15 10:58:19 ec2: 1024 SHA256:SC9AhBQjCNRrVO2vad7AO2lwTIl+xZo9E06omZgj+vQ root@ubuntu-xenial (DSA)
<14>Apr 15 10:58:19 ec2: 256 SHA256:ofZQirY8HvMdrgUKvALZKn2oVTBDW5Tx6xsgrZKuYRs root@ubuntu-xenial (ECDSA)
<14>Apr 15 10:58:19 ec2: 256 SHA256:mk8uCGKUks7PS+Noi/fWAF0Pm0BA5eOxZFYO712UrZY root@ubuntu-xenial (ED25519)
<14>Apr 15 10:58:19 ec2: 2048 SHA256:cvG5rNdFgq0wso2N/LyiVkYaOrzqfPzHWbTlN231xsk root@ubuntu-xenial (RSA)
<14>Apr 15 10:58:19 ec2: -----END SSH HOST KEY FINGERPRINTS-----
<14>Apr 15 10:58:19 ec2: #############################################################
-----BEGIN SSH HOST KEY KEYS-----
ecdsa-sha2-nistp256 AAAAE2VjZHNhLXNoYTItbmlzdHAyNTYAAAAIbmlzdHAyNTYAAABBBJhPUeNYsPCCQBqI4ZMkTDaL6n8TJfXeVFAtB4tjJ0rFi3sRFQfLf+OMGdnBHYrSmMSNK480JRVbaGk58x/h5Eo= root@ubuntu-xenial
ssh-ed25519 AAAAC3NzaC1lZDI1NTE5AAAAIHyZbXbg7E8FRbO7J33xTOZV0vajH0yYraURlDnkIh5J root@ubuntu-xenial
ssh-rsa AAAAB3NzaC1yc2EAAAADAQABAAABAQDk9cUIRdVCL9fmtORLM+Tta7BWrGasdgJ5r1oqj70clsRJs8ii1Kvbu/+ZgsdksSXohYEyEpLPwOKnLLQ8dV0dX4TsCTvt7qed/qBQV3SrGqQtDdWudi1O3nVoxY7SXqEBt6Ub6fSJbXYVWV7cM6aSyzv7JayhzvS0ZuAUFRN3f85O2nYN8wj5F3BeOILFcMt3KFoZifNP+d13mgVCVGa0KAzkyne2ds/3Yrt/KL4S15LrvQwez/OFQLQsCSogTWvF+CyQa/uwhtitfUjLY3NENqsGiSXCV6AImgNgA+24cVqXphnIr44E+0J8Y65VfcwPYzmd7b5kaUcSkpV2dj0d root@ubuntu-xenial
-----END SSH HOST KEY KEYS-----
[   35.387299] cloud-init[1590]: Cloud-init v. 20.4.1-0ubuntu1~16.04.1 running 'modules:final' at Thu, 15 Apr 2021 10:58:18 +0000. Up 34.57 seconds.
[   35.388650] cloud-init[1590]: ci-info: no authorized SSH keys fingerprints found for user ubuntu.
[   35.389567] cloud-init[1590]: Cloud-init v. 20.4.1-0ubuntu1~16.04.1 finished at Thu, 15 Apr 2021 10:58:19 +0000. Datasource DataSourceNoCloud [seed=/dev/sdb][dsmode=net].  Up 35.35 seconds
